
============== ChatSequence ==============
Length: 2036 tokens; 2 messages
----------------- SYSTEM -----------------
You are AutoDebugV0.6.3, You are an AI assistant specialized in fixing bugs in Java code. 
You will be given a buggy project, and your objective is to autonomously understand and fix the bug.
You have three states, which each offer a unique set of commands,
 * 'collect information to understand the bug', where you gather information to understand a bug;
 * 'collect information to fix the bug', where you gather information to fix the bug;
 * 'trying out candidate fixes', where you suggest bug fixes that will be validated by a test suite.
.Your decisions must always be made independently without seeking user assistance. Play to your strengths as an LLM and pursue simple strategies with no legal complications.
------------------ USER ------------------
## Goals
For your task, you must fulfill the following goals:
1. Locate the Bug: Execute test cases and get info to systematically identify and isolate the bug within the project Closure and bug index 150.
2. Perform code Analysis: Analyze the lines of code associated with the bug to discern and comprehend the potentially faulty sections.
3. Try simple Fixes: Attempt straightforward remedies, such as altering operators, changing identifiers, modifying numerical or boolean literals, adjusting function arguments, or refining conditional statements. Explore all plausible and elementary fixes relevant to the problematic code.
4. Try complex Fixes: In instances where simple fixes prove ineffective, utilize the information gathered to propose more intricate solutions aimed at resolving the bug.
5. Iterative Testing: Repeat the debugging process iteratively, incorporating the insights gained from each iteration, until all test cases pass successfully.
## Current state
 collect information to understand the bug: In this phase, the primary objective is to locate and understand the bug and the reason behind it. However, upon accumulating a satisfactory level of understanding, you should make your hypothesis about what is wrong and where.
## Commands
You have access to the following commands (EXCLUSIVELY):
1. extract_test_code: This function allows you to extract the code of the failing test cases which will help you understand the test case that led to failure for example by looking at the assertions and the given input and expected output, params: (project_name: string, bug_index: integer, test_file_path: string). You are allowed to execute this command for once only, unless it returns an error message, in which case you can try again with different arguments.
2.  express_hypothesis: This command allows to express a hypothesis about what exactly is the bug. Call this command after you have collected enough information about the bug in the project, params: (hypothesis: string). By calling this command, you also automatically switch to the state 'collect information to fix the bug'. Before delving into fixing, you should always express a hypothesis.
3. read_range: Read a range of lines in a given file, parms:(project_name:string, bug_index:string, filepath:string, startline: int, endline:int) where project_name is the name of the project and bug_index is the index of the bug
## General guidelines:
Try to adhere to the following guidlines to the best of your ability:
1. Concrete Next Steps: Conclude your reasoning with a clear next step that can be translated into a command call, providing a tangible direction for implementation.
2. Code Modification Comments: When modifying code within a file, insert comments above the altered code, elucidating the change and detailing the reasoning behind it.
3. Understanding Bug Types: Recognize that bugs can vary, ranging from single-line issues to multiline challenges that may involve changing, removing, or adding lines.
4. Operational Constraints: Execute only the commands listed in the commands section.

What follows are sections of the most important information you gathered so far about the current bug.        Use the following info to suggest a fix for the buggy code:
## Info about the bug (bug report summary):
### Bug info:
Root cause in triggering tests:
 - com.google.javascript.jscomp.TypedScopeCreatorTest::testNamespacedFunctionStubLocal
   --> junit.framework.AssertionFailedError
 - com.google.javascript.jscomp.TypedScopeCreatorTest::testCollectedFunctionStubLocal
   --> junit.framework.AssertionFailedError

The bug is located at exactly these lines numbers: (the format is file-name#line-number# line-code):
com/google/javascript/jscomp/TypedScopeCreator.java#1451#      attachLiteralTypes(n);
com/google/javascript/jscomp/TypedScopeCreator.java#1452#      switch (n.getType()) {
com/google/javascript/jscomp/TypedScopeCreator.java#1453#        case Token.FUNCTION:
com/google/javascript/jscomp/TypedScopeCreator.java#1454#          if (parent.getType() == Token.NAME) {
com/google/javascript/jscomp/TypedScopeCreator.java#1455#            return;
com/google/javascript/jscomp/TypedScopeCreator.java#1456#          }
com/google/javascript/jscomp/TypedScopeCreator.java#1457#          defineDeclaredFunction(n, parent);
com/google/javascript/jscomp/TypedScopeCreator.java#1458#          break;
com/google/javascript/jscomp/TypedScopeCreator.java#1459#        case Token.CATCH:
com/google/javascript/jscomp/TypedScopeCreator.java#1460#          defineCatch(n, parent);
com/google/javascript/jscomp/TypedScopeCreator.java#1461#          break;
com/google/javascript/jscomp/TypedScopeCreator.java#1462#        case Token.VAR:
com/google/javascript/jscomp/TypedScopeCreator.java#1463#          defineVar(n, parent);
com/google/javascript/jscomp/TypedScopeCreator.java#1464#          break;
com/google/javascript/jscomp/TypedScopeCreator.java#1465#      }

The following is the list of buggy methods:
com.google.javascript.jscomp.TypedScopeCreator$LocalScopeBuilder.visit(Lcom/google/javascript/jscomp/NodeTraversal;Lcom/google/javascript/rhino/Node;Lcom/google/javascript/rhino/Node;)V,1

### Test cases results:
BUILD FAILED
/app/AutoGPT/auto_gpt_workspace/closure_150_buggy/build.xml:60: Compile failed; see the compiler error output for details.
	at org.apache.tools.ant.taskdefs.Javac.compile(Javac.java:1174)
	at org.apache.tools.ant.taskdefs.Javac.execute(Javac.java:930)
	at org.apache.tools.ant.UnknownElement.execute(UnknownElement.java:291)
	at sun.reflect.GeneratedMethodAccessor4.invoke(Unknown Source)
	at sun.reflect.DelegatingMethodAccessorImpl.invoke(DelegatingMethodAccessorImpl.java:43)
	at java.lang.reflect.Method.invoke(Method.java:498)
	at org.apache.tools.ant.dispatch.DispatchUtils.execute(DispatchUtils.java:106)
	at org.apache.tools.ant.Task.perform(Task.java:348)
	at org.apache.tools.ant.Target.execute(Target.java:392)
	at org.apache.tools.ant.Target.performTasks(Target.java:413)
	at org.apache.tools.ant.Project.executeSortedTargets(Project.java:1399)
	at org.apache.tools.ant.Project.executeTarget(Project.java:1368)
	at org.apache.tools.ant.helper.DefaultExecutor.executeTargets(DefaultExecutor.java:41)
	at org.apache.tools.ant.Project.executeTargets(Project.java:1251)
	at org.apache.tools.ant.Main.runBuild(Main.java:811)
	at org.apache.tools.ant.Main.startAnt(Main.java:217)
	at org.apache.tools.ant.launch.Launcher.run(Launcher.java:280)
	at org.apache.tools.ant.launch.Launcher.main(Launcher.java:109)

Total time: 1 second
Cannot compile sources! at /app/AutoGPT/defects4j/framework/bin/d4j/d4j-compile line 82.
Compilation failed in require at /app/AutoGPT/defects4j/framework/bin/defects4j line 195.



## Hypothesis about the bug:
No hypothesis made yet.

## Read lines:
No files have been read so far.

## AI generated regeneration of buggy method:
No AI generated code yet.

## The list of emplementations of some methods in the code base:
No extracted methods so far.

## Suggested fixes:
This is the list of suggested fixes so far but none of them worked:
No fixes were suggested yet.

## Executed search queries within the code base:
No search queries executed so far.

## Functions calls extracted based on snippets of code and target files:
No similar functions  calls were extracted.

## DO NOT TRY TO USE THE FOLLOWING COMMANDS IN YOUR NEXT ACTION (NEVER AT ALL):

**Important:** This is the end of information sections. After this, you will see the last command you executed (if you executed any so far) and the result of its execution. Continue your reasoning from there.


Determine exactly one command to use based on the given goals and the progress you have made so far, and respond using the JSON schema specified previously:
Respond strictly with JSON. The JSON should be compatible with the TypeScript type `Response` from the following:
```ts
interface Response {
// Express your thoughts based on the information that you have collected so far, the possible steps that you could do next and also your reasoning about fixing the bug in question"
thoughts: string;
command: {
name: string;
args: Record<string, any>;
};
}
```
Here is an example of command call that you can output:

{
"thoughts": "I have information about the bug, but I need to run the test cases to understand the bug better.",
"command": {
"name": "run_tests",
"args": {
"name": "Chart",
"index": 1
}
}
}

**IMPORTANT NOTE TO THE ASSISTANT:** DO NOT OUTPUT ANY ENGLISH TEXT WITH YOUR JSON RESPONSE.

You have, so far, executed, 0 commands and suggested 0 fixes. You have 40 commands left. However, you need to suggest 4 fixes before consuming all the left commands.

==========================================

============== ChatSequence ==============
Length: 2268 tokens; 2 messages
----------------- SYSTEM -----------------
You are AutoDebugV0.6.3, You are an AI assistant specialized in fixing bugs in Java code. 
You will be given a buggy project, and your objective is to autonomously understand and fix the bug.
You have three states, which each offer a unique set of commands,
 * 'collect information to understand the bug', where you gather information to understand a bug;
 * 'collect information to fix the bug', where you gather information to fix the bug;
 * 'trying out candidate fixes', where you suggest bug fixes that will be validated by a test suite.
.Your decisions must always be made independently without seeking user assistance. Play to your strengths as an LLM and pursue simple strategies with no legal complications.
------------------ USER ------------------
## Goals
For your task, you must fulfill the following goals:
1. Locate the Bug: Execute test cases and get info to systematically identify and isolate the bug within the project Closure and bug index 150.
2. Perform code Analysis: Analyze the lines of code associated with the bug to discern and comprehend the potentially faulty sections.
3. Try simple Fixes: Attempt straightforward remedies, such as altering operators, changing identifiers, modifying numerical or boolean literals, adjusting function arguments, or refining conditional statements. Explore all plausible and elementary fixes relevant to the problematic code.
4. Try complex Fixes: In instances where simple fixes prove ineffective, utilize the information gathered to propose more intricate solutions aimed at resolving the bug.
5. Iterative Testing: Repeat the debugging process iteratively, incorporating the insights gained from each iteration, until all test cases pass successfully.
## Current state
 collect information to understand the bug: In this phase, the primary objective is to locate and understand the bug and the reason behind it. However, upon accumulating a satisfactory level of understanding, you should make your hypothesis about what is wrong and where.
## Commands
You have access to the following commands (EXCLUSIVELY):
1. extract_test_code: This function allows you to extract the code of the failing test cases which will help you understand the test case that led to failure for example by looking at the assertions and the given input and expected output, params: (project_name: string, bug_index: integer, test_file_path: string). You are allowed to execute this command for once only, unless it returns an error message, in which case you can try again with different arguments.
2.  express_hypothesis: This command allows to express a hypothesis about what exactly is the bug. Call this command after you have collected enough information about the bug in the project, params: (hypothesis: string). By calling this command, you also automatically switch to the state 'collect information to fix the bug'. Before delving into fixing, you should always express a hypothesis.
3. read_range: Read a range of lines in a given file, parms:(project_name:string, bug_index:string, filepath:string, startline: int, endline:int) where project_name is the name of the project and bug_index is the index of the bug
## General guidelines:
Try to adhere to the following guidlines to the best of your ability:
1. Concrete Next Steps: Conclude your reasoning with a clear next step that can be translated into a command call, providing a tangible direction for implementation.
2. Code Modification Comments: When modifying code within a file, insert comments above the altered code, elucidating the change and detailing the reasoning behind it.
3. Understanding Bug Types: Recognize that bugs can vary, ranging from single-line issues to multiline challenges that may involve changing, removing, or adding lines.
4. Operational Constraints: Execute only the commands listed in the commands section.

What follows are sections of the most important information you gathered so far about the current bug.        Use the following info to suggest a fix for the buggy code:
## Info about the bug (bug report summary):
### Bug info:
Root cause in triggering tests:
 - com.google.javascript.jscomp.TypedScopeCreatorTest::testNamespacedFunctionStubLocal
   --> junit.framework.AssertionFailedError
 - com.google.javascript.jscomp.TypedScopeCreatorTest::testCollectedFunctionStubLocal
   --> junit.framework.AssertionFailedError

The bug is located at exactly these lines numbers: (the format is file-name#line-number# line-code):
com/google/javascript/jscomp/TypedScopeCreator.java#1451#      attachLiteralTypes(n);
com/google/javascript/jscomp/TypedScopeCreator.java#1452#      switch (n.getType()) {
com/google/javascript/jscomp/TypedScopeCreator.java#1453#        case Token.FUNCTION:
com/google/javascript/jscomp/TypedScopeCreator.java#1454#          if (parent.getType() == Token.NAME) {
com/google/javascript/jscomp/TypedScopeCreator.java#1455#            return;
com/google/javascript/jscomp/TypedScopeCreator.java#1456#          }
com/google/javascript/jscomp/TypedScopeCreator.java#1457#          defineDeclaredFunction(n, parent);
com/google/javascript/jscomp/TypedScopeCreator.java#1458#          break;
com/google/javascript/jscomp/TypedScopeCreator.java#1459#        case Token.CATCH:
com/google/javascript/jscomp/TypedScopeCreator.java#1460#          defineCatch(n, parent);
com/google/javascript/jscomp/TypedScopeCreator.java#1461#          break;
com/google/javascript/jscomp/TypedScopeCreator.java#1462#        case Token.VAR:
com/google/javascript/jscomp/TypedScopeCreator.java#1463#          defineVar(n, parent);
com/google/javascript/jscomp/TypedScopeCreator.java#1464#          break;
com/google/javascript/jscomp/TypedScopeCreator.java#1465#      }

The following is the list of buggy methods:
com.google.javascript.jscomp.TypedScopeCreator$LocalScopeBuilder.visit(Lcom/google/javascript/jscomp/NodeTraversal;Lcom/google/javascript/rhino/Node;Lcom/google/javascript/rhino/Node;)V,1

### Test cases results:
BUILD FAILED
Basedir /app/AutoGPT/auto_gpt_workspace/closure_150_buggy does not exist
	at org.apache.tools.ant.Project.setBaseDir(Project.java:844)
	at org.apache.tools.ant.Project.setBasedir(Project.java:829)
	at org.apache.tools.ant.helper.ProjectHelper2$ProjectHandler.onStartElement(ProjectHelper2.java:841)
	at org.apache.tools.ant.helper.ProjectHelper2$RootHandler.startElement(ProjectHelper2.java:600)
	at com.sun.org.apache.xerces.internal.parsers.AbstractSAXParser.startElement(AbstractSAXParser.java:509)
	at com.sun.org.apache.xerces.internal.impl.XMLNSDocumentScannerImpl.scanStartElement(XMLNSDocumentScannerImpl.java:374)
	at com.sun.org.apache.xerces.internal.impl.XMLNSDocumentScannerImpl$NSContentDriver.scanRootElementHook(XMLNSDocumentScannerImpl.java:613)
	at com.sun.org.apache.xerces.internal.impl.XMLDocumentFragmentScannerImpl$FragmentContentDriver.next(XMLDocumentFragmentScannerImpl.java:3131)
	at com.sun.org.apache.xerces.internal.impl.XMLDocumentScannerImpl$PrologDriver.next(XMLDocumentScannerImpl.java:851)
	at com.sun.org.apache.xerces.internal.impl.XMLDocumentScannerImpl.next(XMLDocumentScannerImpl.java:601)
	at com.sun.org.apache.xerces.internal.impl.XMLNSDocumentScannerImpl.next(XMLNSDocumentScannerImpl.java:112)
	at com.sun.org.apache.xerces.internal.impl.XMLDocumentFragmentScannerImpl.scanDocument(XMLDocumentFragmentScannerImpl.java:504)
	at com.sun.org.apache.xerces.internal.parsers.XML11Configuration.parse(XML11Configuration.java:841)
	at com.sun.org.apache.xerces.internal.parsers.XML11Configuration.parse(XML11Configuration.java:770)
	at com.sun.org.apache.xerces.internal.parsers.XMLParser.parse(XMLParser.java:141)
	at com.sun.org.apache.xerces.internal.parsers.AbstractSAXParser.parse(AbstractSAXParser.java:1213)
	at com.sun.org.apache.xerces.internal.jaxp.SAXParserImpl$JAXPSAXParser.parse(SAXParserImpl.java:642)
	at org.apache.tools.ant.helper.ProjectHelper2.parse(ProjectHelper2.java:307)
	at org.apache.tools.ant.helper.ProjectHelper2.parse(ProjectHelper2.java:178)
	at org.apache.tools.ant.ProjectHelper.configureProject(ProjectHelper.java:82)
	at org.apache.tools.ant.Main.runBuild(Main.java:795)
	at org.apache.tools.ant.Main.startAnt(Main.java:217)
	at org.apache.tools.ant.launch.Launcher.run(Launcher.java:280)
	at org.apache.tools.ant.launch.Launcher.main(Launcher.java:109)

Total time: 0 seconds
Cannot compile sources! at /app/AutoGPT/defects4j/framework/bin/d4j/d4j-compile line 82.
Compilation failed in require at /app/AutoGPT/defects4j/framework/bin/defects4j line 195.



## Hypothesis about the bug:
No hypothesis made yet.

## Read lines:
No files have been read so far.

## AI generated regeneration of buggy method:
No AI generated code yet.

## The list of emplementations of some methods in the code base:
No extracted methods so far.

## Suggested fixes:
This is the list of suggested fixes so far but none of them worked:
No fixes were suggested yet.

## Executed search queries within the code base:
No search queries executed so far.

## Functions calls extracted based on snippets of code and target files:
No similar functions  calls were extracted.

## DO NOT TRY TO USE THE FOLLOWING COMMANDS IN YOUR NEXT ACTION (NEVER AT ALL):

**Important:** This is the end of information sections. After this, you will see the last command you executed (if you executed any so far) and the result of its execution. Continue your reasoning from there.


Determine exactly one command to use based on the given goals and the progress you have made so far, and respond using the JSON schema specified previously:
Respond strictly with JSON. The JSON should be compatible with the TypeScript type `Response` from the following:
```ts
interface Response {
// Express your thoughts based on the information that you have collected so far, the possible steps that you could do next and also your reasoning about fixing the bug in question"
thoughts: string;
command: {
name: string;
args: Record<string, any>;
};
}
```
Here is an example of command call that you can output:

{
"thoughts": "I have information about the bug, but I need to run the test cases to understand the bug better.",
"command": {
"name": "run_tests",
"args": {
"name": "Chart",
"index": 1
}
}
}

**IMPORTANT NOTE TO THE ASSISTANT:** DO NOT OUTPUT ANY ENGLISH TEXT WITH YOUR JSON RESPONSE.

You have, so far, executed, 0 commands and suggested 0 fixes. You have 40 commands left. However, you need to suggest 4 fixes before consuming all the left commands.

==========================================

============== ChatSequence ==============
Length: 2235 tokens; 4 messages
----------------- SYSTEM -----------------
You are AutoDebugV0.6.3, You are an AI assistant specialized in fixing bugs in Java code. 
You will be given a buggy project, and your objective is to autonomously understand and fix the bug.
You have three states, which each offer a unique set of commands,
 * 'collect information to understand the bug', where you gather information to understand a bug;
 * 'collect information to fix the bug', where you gather information to fix the bug;
 * 'trying out candidate fixes', where you suggest bug fixes that will be validated by a test suite.
.Your decisions must always be made independently without seeking user assistance. Play to your strengths as an LLM and pursue simple strategies with no legal complications.
------------------ USER ------------------
## Goals
For your task, you must fulfill the following goals:
1. Locate the Bug: Execute test cases and get info to systematically identify and isolate the bug within the project Closure and bug index 150.
2. Perform code Analysis: Analyze the lines of code associated with the bug to discern and comprehend the potentially faulty sections.
3. Try simple Fixes: Attempt straightforward remedies, such as altering operators, changing identifiers, modifying numerical or boolean literals, adjusting function arguments, or refining conditional statements. Explore all plausible and elementary fixes relevant to the problematic code.
4. Try complex Fixes: In instances where simple fixes prove ineffective, utilize the information gathered to propose more intricate solutions aimed at resolving the bug.
5. Iterative Testing: Repeat the debugging process iteratively, incorporating the insights gained from each iteration, until all test cases pass successfully.
## Current state
 collect information to understand the bug: In this phase, the primary objective is to locate and understand the bug and the reason behind it. However, upon accumulating a satisfactory level of understanding, you should make your hypothesis about what is wrong and where.
## Commands
You have access to the following commands (EXCLUSIVELY):
1. extract_test_code: This function allows you to extract the code of the failing test cases which will help you understand the test case that led to failure for example by looking at the assertions and the given input and expected output, params: (project_name: string, bug_index: integer, test_file_path: string). You are allowed to execute this command for once only, unless it returns an error message, in which case you can try again with different arguments.
2.  express_hypothesis: This command allows to express a hypothesis about what exactly is the bug. Call this command after you have collected enough information about the bug in the project, params: (hypothesis: string). By calling this command, you also automatically switch to the state 'collect information to fix the bug'. Before delving into fixing, you should always express a hypothesis.
3. read_range: Read a range of lines in a given file, parms:(project_name:string, bug_index:string, filepath:string, startline: int, endline:int) where project_name is the name of the project and bug_index is the index of the bug
## General guidelines:
Try to adhere to the following guidlines to the best of your ability:
1. Concrete Next Steps: Conclude your reasoning with a clear next step that can be translated into a command call, providing a tangible direction for implementation.
2. Code Modification Comments: When modifying code within a file, insert comments above the altered code, elucidating the change and detailing the reasoning behind it.
3. Understanding Bug Types: Recognize that bugs can vary, ranging from single-line issues to multiline challenges that may involve changing, removing, or adding lines.
4. Operational Constraints: Execute only the commands listed in the commands section.

What follows are sections of the most important information you gathered so far about the current bug.        Use the following info to suggest a fix for the buggy code:
## Info about the bug (bug report summary):
### Bug info:
Root cause in triggering tests:
 - com.google.javascript.jscomp.TypedScopeCreatorTest::testNamespacedFunctionStubLocal
   --> junit.framework.AssertionFailedError
 - com.google.javascript.jscomp.TypedScopeCreatorTest::testCollectedFunctionStubLocal
   --> junit.framework.AssertionFailedError

The bug is located at exactly these lines numbers: (the format is file-name#line-number# line-code):
com/google/javascript/jscomp/TypedScopeCreator.java#1451#      attachLiteralTypes(n);
com/google/javascript/jscomp/TypedScopeCreator.java#1452#      switch (n.getType()) {
com/google/javascript/jscomp/TypedScopeCreator.java#1453#        case Token.FUNCTION:
com/google/javascript/jscomp/TypedScopeCreator.java#1454#          if (parent.getType() == Token.NAME) {
com/google/javascript/jscomp/TypedScopeCreator.java#1455#            return;
com/google/javascript/jscomp/TypedScopeCreator.java#1456#          }
com/google/javascript/jscomp/TypedScopeCreator.java#1457#          defineDeclaredFunction(n, parent);
com/google/javascript/jscomp/TypedScopeCreator.java#1458#          break;
com/google/javascript/jscomp/TypedScopeCreator.java#1459#        case Token.CATCH:
com/google/javascript/jscomp/TypedScopeCreator.java#1460#          defineCatch(n, parent);
com/google/javascript/jscomp/TypedScopeCreator.java#1461#          break;
com/google/javascript/jscomp/TypedScopeCreator.java#1462#        case Token.VAR:
com/google/javascript/jscomp/TypedScopeCreator.java#1463#          defineVar(n, parent);
com/google/javascript/jscomp/TypedScopeCreator.java#1464#          break;
com/google/javascript/jscomp/TypedScopeCreator.java#1465#      }

The following is the list of buggy methods:
com.google.javascript.jscomp.TypedScopeCreator$LocalScopeBuilder.visit(Lcom/google/javascript/jscomp/NodeTraversal;Lcom/google/javascript/rhino/Node;Lcom/google/javascript/rhino/Node;)V,1

### Test cases results:
BUILD FAILED
/app/AutoGPT/auto_gpt_workspace/closure_150_buggy/build.xml:60: Compile failed; see the compiler error output for details.
	at org.apache.tools.ant.taskdefs.Javac.compile(Javac.java:1174)
	at org.apache.tools.ant.taskdefs.Javac.execute(Javac.java:930)
	at org.apache.tools.ant.UnknownElement.execute(UnknownElement.java:291)
	at sun.reflect.GeneratedMethodAccessor4.invoke(Unknown Source)
	at sun.reflect.DelegatingMethodAccessorImpl.invoke(DelegatingMethodAccessorImpl.java:43)
	at java.lang.reflect.Method.invoke(Method.java:498)
	at org.apache.tools.ant.dispatch.DispatchUtils.execute(DispatchUtils.java:106)
	at org.apache.tools.ant.Task.perform(Task.java:348)
	at org.apache.tools.ant.Target.execute(Target.java:392)
	at org.apache.tools.ant.Target.performTasks(Target.java:413)
	at org.apache.tools.ant.Project.executeSortedTargets(Project.java:1399)
	at org.apache.tools.ant.Project.executeTarget(Project.java:1368)
	at org.apache.tools.ant.helper.DefaultExecutor.executeTargets(DefaultExecutor.java:41)
	at org.apache.tools.ant.Project.executeTargets(Project.java:1251)
	at org.apache.tools.ant.Main.runBuild(Main.java:811)
	at org.apache.tools.ant.Main.startAnt(Main.java:217)
	at org.apache.tools.ant.launch.Launcher.run(Launcher.java:280)
	at org.apache.tools.ant.launch.Launcher.main(Launcher.java:109)

Total time: 1 second
Cannot compile sources! at /app/AutoGPT/defects4j/framework/bin/d4j/d4j-compile line 82.
Compilation failed in require at /app/AutoGPT/defects4j/framework/bin/defects4j line 195.

### The code of the failing test cases:
Extracting test code from file com/google/javascript/jscomp/TypedScopeCreatorTest.java returned: Command extract_test_code returned: No test function found, probably the failing test message was not parsed correctly


## Hypothesis about the bug:
No hypothesis made yet.

## Read lines:
No files have been read so far.

## AI generated regeneration of buggy method:
No AI generated code yet.

## The list of emplementations of some methods in the code base:
No extracted methods so far.

## Suggested fixes:
This is the list of suggested fixes so far but none of them worked:
No fixes were suggested yet.

## Executed search queries within the code base:
No search queries executed so far.

## Functions calls extracted based on snippets of code and target files:
No similar functions  calls were extracted.

## DO NOT TRY TO USE THE FOLLOWING COMMANDS IN YOUR NEXT ACTION (NEVER AT ALL):

**Important:** This is the end of information sections. After this, you will see the last command you executed (if you executed any so far) and the result of its execution. Continue your reasoning from there.


Determine exactly one command to use based on the given goals and the progress you have made so far, and respond using the JSON schema specified previously:
Respond strictly with JSON. The JSON should be compatible with the TypeScript type `Response` from the following:
```ts
interface Response {
// Express your thoughts based on the information that you have collected so far, the possible steps that you could do next and also your reasoning about fixing the bug in question"
thoughts: string;
command: {
name: string;
args: Record<string, any>;
};
}
```
Here is an example of command call that you can output:

{
"thoughts": "I have information about the bug, but I need to run the test cases to understand the bug better.",
"command": {
"name": "run_tests",
"args": {
"name": "Chart",
"index": 1
}
}
}

**IMPORTANT NOTE TO THE ASSISTANT:** DO NOT OUTPUT ANY ENGLISH TEXT WITH YOUR JSON RESPONSE.

You have, so far, executed, 1 commands and suggested 0 fixes. You have 39 commands left. However, you need to suggest 4 fixes before consuming all the left commands.

--------------- ASSISTANT ----------------
{
"thoughts": "I have identified the bug location and the triggering test cases. It seems that the issue lies within the method com.google.javascript.jscomp.TypedScopeCreator$LocalScopeBuilder.visit. I should extract the code of the failing test cases to gain a better understanding of the bug.",
"command": {
"name": "extract_test_code",
"args": {
"project_name": "Closure",
"bug_index": 150,
"test_file_path": "com/google/javascript/jscomp/TypedScopeCreatorTest.java"
}
}
}

------------------ USER ------------------
The result of executing that last command is:
 Command extract_test_code returned: No test function found, probably the failing test message was not parsed correctly
==========================================
